# JRE version: Java(TM) SE Runtime Environment (17.0.14+8) (build 17.0.14+8-LTS-191)
# Java VM: Java HotSpot(TM) 64-Bit Server VM (17.0.14+8-LTS-191, mixed mode, sharing, tiered, compressed oops, compressed class ptrs, g1 gc, windows-amd64)
GC Precious Log:
 CPUs: 12 total, 12 available
 Memory: 16057M
 Large Page Support: Disabled
 NUMA Support: Disabled
 Compressed Oops: Enabled (32-bit)
 Heap Region Size: 1M
 Heap Min Capacity: 256M
 Heap Initial Capacity: 256M
 Heap Max Capacity: 512M
 Pre-touch: Disabled
 Parallel Workers: 10
 Concurrent Workers: 3
 Concurrent Refinement Workers: 10
 Periodic GC: Disabled
Heap:
 garbage-first heap   total 262144K, used 198656K [0x00000000e0000000, 0x0000000100000000)
  region size 1024K, 151 young (154624K), 18 survivors (18432K)
 Metaspace       used 72069K, committed 72832K, reserved 393216K
  class space    used 9955K, committed 10304K, reserved 327680K
GC Heap History (14 events):
Event: 0.919 GC heap before
{Heap before GC invocations=0 (full 0):
 garbage-first heap   total 262144K, used 23552K [0x00000000e0000000, 0x0000000100000000)
  region size 1024K, 23 young (23552K), 0 survivors (0K)
 Metaspace       used 1036K, committed 1152K, reserved 393216K
  class space    used 73K, committed 128K, reserved 327680K
}
Event: 0.923 GC heap after
{Heap after GC invocations=1 (full 0):
 garbage-first heap   total 262144K, used 1983K [0x00000000e0000000, 0x0000000100000000)
  region size 1024K, 2 young (2048K), 2 survivors (2048K)
 Metaspace       used 1036K, committed 1152K, reserved 393216K
  class space    used 73K, committed 128K, reserved 327680K
}
Event: 1.871 GC heap before
{Heap before GC invocations=1 (full 0):
 garbage-first heap   total 262144K, used 40895K [0x00000000e0000000, 0x0000000100000000)
  region size 1024K, 38 young (38912K), 2 survivors (2048K)
 Metaspace       used 4373K, committed 4544K, reserved 393216K
  class space    used 546K, committed 640K, reserved 327680K
}
Event: 1.879 GC heap after
{Heap after GC invocations=2 (full 0):
 garbage-first heap   total 262144K, used 11184K [0x00000000e0000000, 0x0000000100000000)
  region size 1024K, 5 young (5120K), 5 survivors (5120K)
 Metaspace       used 4373K, committed 4544K, reserved 393216K
  class space    used 546K, committed 640K, reserved 327680K
}
Event: 2.512 GC heap before
{Heap before GC invocations=2 (full 0):
 garbage-first heap   total 262144K, used 62384K [0x00000000e0000000, 0x0000000100000000)
  region size 1024K, 53 young (54272K), 5 survivors (5120K)
 Metaspace       used 4967K, committed 5120K, reserved 393216K
  class space    used 640K, committed 704K, reserved 327680K
}
Event: 2.517 GC heap after
{Heap after GC invocations=3 (full 0):
 garbage-first heap   total 262144K, used 16419K [0x00000000e0000000, 0x0000000100000000)
  region size 1024K, 5 young (5120K), 5 survivors (5120K)
 Metaspace       used 4967K, committed 5120K, reserved 393216K
  class space    used 640K, committed 704K, reserved 327680K
}
Event: 7.101 GC heap before
{Heap before GC invocations=3 (full 0):
 garbage-first heap   total 262144K, used 124963K [0x00000000e0000000, 0x0000000100000000)
  region size 1024K, 112 young (114688K), 5 survivors (5120K)
 Metaspace       used 21212K, committed 21504K, reserved 393216K
  class space    used 3099K, committed 3264K, reserved 327680K
}
Event: 7.111 GC heap after
{Heap after GC invocations=4 (full 0):
 garbage-first heap   total 262144K, used 23868K [0x00000000e0000000, 0x0000000100000000)
  region size 1024K, 12 young (12288K), 12 survivors (12288K)
 Metaspace       used 21212K, committed 21504K, reserved 393216K
  class space    used 3099K, committed 3264K, reserved 327680K
}
Event: 9.389 GC heap before
{Heap before GC invocations=5 (full 0):
 garbage-first heap   total 262144K, used 144700K [0x00000000e0000000, 0x0000000100000000)
  region size 1024K, 127 young (130048K), 12 survivors (12288K)
 Metaspace       used 35550K, committed 35968K, reserved 393216K
  class space    used 4931K, committed 5120K, reserved 327680K
}
Event: 9.400 GC heap after
{Heap after GC invocations=6 (full 0):
 garbage-first heap   total 262144K, used 32328K [0x00000000e0000000, 0x0000000100000000)
  region size 1024K, 16 young (16384K), 16 survivors (16384K)
 Metaspace       used 35550K, committed 35968K, reserved 393216K
  class space    used 4931K, committed 5120K, reserved 327680K
}
Event: 12.666 GC heap before
{Heap before GC invocations=7 (full 0):
 garbage-first heap   total 262144K, used 176712K [0x00000000e0000000, 0x0000000100000000)
  region size 1024K, 153 young (156672K), 16 survivors (16384K)
 Metaspace       used 46590K, committed 47232K, reserved 393216K
  class space    used 6519K, committed 6784K, reserved 327680K
}
Event: 12.680 GC heap after
{Heap after GC invocations=8 (full 0):
 garbage-first heap   total 262144K, used 42299K [0x00000000e0000000, 0x0000000100000000)
  region size 1024K, 17 young (17408K), 17 survivors (17408K)
 Metaspace       used 46590K, committed 47232K, reserved 393216K
  class space    used 6519K, committed 6784K, reserved 327680K
}
Event: 18.910 GC heap before
{Heap before GC invocations=8 (full 0):
 garbage-first heap   total 262144K, used 165179K [0x00000000e0000000, 0x0000000100000000)
  region size 1024K, 134 young (137216K), 17 survivors (17408K)
 Metaspace       used 59379K, committed 60096K, reserved 393216K
  class space    used 8163K, committed 8512K, reserved 327680K
}
Event: 18.944 GC heap after
{Heap after GC invocations=9 (full 0):
 garbage-first heap   total 262144K, used 56320K [0x00000000e0000000, 0x0000000100000000)
  region size 1024K, 18 young (18432K), 18 survivors (18432K)
 Metaspace       used 59379K, committed 60096K, reserved 393216K
  class space    used 8163K, committed 8512K, reserved 327680K
}

